 
****************************************
Report : area
Design : CLE
Version: S-2021.06-SP2
Date   : Tue Mar 18 01:46:57 2025
****************************************

Information: Updating design information... (UID-85)
Library(s) Used:

    N16ADFP_StdCellff0p88v125c_ccs (File: /ADFP/Executable_Package/Collaterals/IP/stdcell/N16ADFP_StdCell/CCS/N16ADFP_StdCellff0p88v125c_ccs.db)

Number of ports:                          113
Number of nets:                           653
Number of cells:                          605
Number of combinational cells:            489
Number of sequential cells:               115
Number of macros/black boxes:               0
Number of buf/inv:                        115
Number of references:                      57

Combinational area:                144.270724
Buf/Inv area:                       18.144001
Noncombinational area:             140.901121
Macro/Black Box area:                0.000000
Net Interconnect area:      undefined  (Wire load has zero net area)

Total cell area:                   285.171845
Total area:                 undefined
1
