ncverilog(64): 15.20-s039: (c) Copyright 1995-2017 Cadence Design Systems, Inc.
TOOL:	ncverilog	15.20-s039: Started on Mar 05, 2025 at 22:30:24 CST
ncverilog
	testfixture_a.v
	CLE_DFT.v
	+access+rw
file: testfixture_a.v
	module worklib.rom_128x8:v
		errors: 0, warnings: 0
	module worklib.sram_1024x8:v
		errors: 0, warnings: 0
	module worklib.test:v
		errors: 0, warnings: 0
file: CLE_DFT.v
	module worklib.CLE_DW01_inc_2:v
		errors: 0, warnings: 0
	module worklib.CLE:v
		errors: 0, warnings: 0
		Caching library 'worklib' ....... Done
	Elaborating the design hierarchy:
    CLE        u_CLE( 
                   |
ncelab: *W,CUVWSP (./testfixture_a.v,38|19): 1 output port was not connected:
ncelab: (./CLE_DFT.v,31): SCAN_OUT_1

    CLE        u_CLE( 
                   |
ncelab: *W,CUVWSI (./testfixture_a.v,38|19): 2 input ports were not connected:
ncelab: (./CLE_DFT.v,31): SCAN_IN_1
ncelab: (./CLE_DFT.v,31): test_si2

		Caching library 'worklib' ....... Done
	Building instance overlay tables: 
	$readmemb("rom_128x8_verilog_a.rcf", mem );
	                                       |
ncelab: *W,MEMODR (./rom_128x8_a.v,123|40): $readmem default memory order incompatible with IEEE1364.
.................... Done
	Generating native compiled code:
		worklib.AO21D1BWP16P90:v <0x3cd7ece5>
			streams:   0, words:     0
		worklib.AO22D1BWP16P90LVT:v <0x69380aac>
			streams:   0, words:     0
		worklib.AOI211D1BWP16P90LVT:v <0x711e4066>
			streams:   0, words:     0
		worklib.AOI21D1BWP16P90:v <0x1b87e230>
			streams:   0, words:     0
		worklib.AOI21D1BWP16P90LVT:v <0x2b4755b9>
			streams:   0, words:     0
		worklib.AOI21D1BWP16P90LVT:v <0x690c0793>
			streams:   0, words:     0
		worklib.AOI221D1BWP16P90:v <0x0e18736b>
			streams:   0, words:     0
		worklib.AOI221D1BWP16P90LVT:v <0x2c040492>
			streams:   0, words:     0
		worklib.AOI222D1BWP16P90LVT:v <0x536d5fd1>
			streams:   0, words:     0
		worklib.AOI22D1BWP16P90LVT:v <0x60308d52>
			streams:   0, words:     0
		worklib.AOI31D1BWP16P90LVT:v <0x2d32f48c>
			streams:   0, words:     0
		worklib.AOI31D1BWP16P90LVT:v <0x645035a0>
			streams:   0, words:     0
		worklib.AOI32D1BWP16P90LVT:v <0x28e19d0a>
			streams:   0, words:     0
		worklib.CLE:v <0x30cc85eb>
			streams:   0, words:     0
		worklib.HA1D1BWP16P90LVT:v <0x73cd0b6f>
			streams:   0, words:     0
		worklib.IAO21D1BWP16P90:v <0x18f45965>
			streams:   0, words:     0
		worklib.IAO21D1BWP16P90LVT:v <0x37517315>
			streams:   0, words:     0
		worklib.IOA21D1BWP16P90LVT:v <0x730bf1ef>
			streams:   0, words:     0
		worklib.IOA22D1BWP16P90LVT:v <0x25d2e4a5>
			streams:   0, words:     0
		worklib.IOA22D1BWP16P90LVT:v <0x53bc5377>
			streams:   0, words:     0
		worklib.IOA22D1BWP16P90LVT:v <0x6e9ca43d>
			streams:   0, words:     0
		worklib.IOAI21D1BWP16P90LVT:v <0x135aa722>
			streams:   0, words:     0
		worklib.OA21D1BWP16P90LVT:v <0x172f9073>
			streams:   0, words:     0
		worklib.OAI211D1BWP16P90LVT:v <0x20832483>
			streams:   0, words:     0
		worklib.OAI211D1BWP16P90LVT:v <0x661d82d6>
			streams:   0, words:     0
		worklib.OAI21D1BWP16P90:v <0x4e9e2976>
			streams:   0, words:     0
		worklib.OAI21D1BWP16P90LVT:v <0x33a365b9>
			streams:   0, words:     0
		worklib.OAI21D1BWP16P90LVT:v <0x71e83793>
			streams:   0, words:     0
		worklib.OAI221D1BWP16P90LVT:v <0x0ad3c55b>
			streams:   0, words:     0
		worklib.OAI222D1BWP16P90LVT:v <0x3b2bc27e>
			streams:   0, words:     0
		worklib.OAI22D1BWP16P90:v <0x381f3457>
			streams:   0, words:     0
		worklib.OAI22D1BWP16P90LVT:v <0x4d8ec74e>
			streams:   0, words:     0
		worklib.OAI22D1BWP16P90LVT:v <0x70ae3004>
			streams:   0, words:     0
		worklib.OAI31D1BWP16P90LVT:v <0x6dd194fb>
			streams:   0, words:     0
		worklib.OAI32D1BWP16P90:v <0x35503abe>
			streams:   0, words:     0
		worklib.OAI32D1BWP16P90LVT:v <0x0262c6c9>
			streams:   0, words:     0
		worklib.OAI33D1BWP16P90LVT:v <0x4741d706>
			streams:   0, words:     0
		worklib.OAOI211D1BWP16P90LVT:v <0x3c8d5c1f>
			streams:   0, words:     0
		worklib.SDFKCNQD2BWP16P90LVT:v <0x22962b5d>
			streams:   0, words:     0
		worklib.SDFQD2BWP16P90LVT:v <0x658ff6bf>
			streams:   0, words:     0
		worklib.SDFQD2BWP16P90LVT:v <0x7251a175>
			streams:   0, words:     0
		worklib.SDFQND2BWP16P90LVT:v <0x587dbc6c>
			streams:   0, words:     0
		worklib.XNR2D1BWP16P90:v <0x178e8c92>
			streams:   0, words:     0
		worklib.XNR2D1BWP16P90LVT:v <0x4832f44b>
			streams:   0, words:     0
		worklib.XOR2D1BWP16P90:v <0x521a511d>
			streams:   0, words:     0
		worklib.XOR2D1BWP16P90LVT:v <0x2846a4eb>
			streams:   0, words:     0
		worklib.rom_128x8:v <0x52692fcc>
			streams:  12, words:  5892
		worklib.sram_1024x8:v <0x7c877418>
			streams:  14, words:  9752
		worklib.test:v <0x327795a4>
			streams:  10, words: 22493
	Building instance specific data structures.
	Loading native compiled code:     .................... Done
	Design hierarchy summary:
		                  Instances  Unique
		Modules:                585      61
		UDPs:                  2175       3
		Primitives:            3984       6
		Timing outputs:         608      65
		Registers:              200     105
		Scalar wires:           721       -
		Expanded wires:          16       2
		Always blocks:            6       6
		Initial blocks:           5       5
		Cont. assignments:        0       6
		Pseudo assignments:       4       4
		Timing checks:         4678      31
		Simulation timescale:   1ps
	Writing initial simulation snapshot: worklib.test:v
Loading snapshot worklib.test:v .................... Done
ncsim> source /usr/cad/cadence/INCISIV/INCISIVE_15.20.039/tools/inca/files/ncsimrc
ncsim> run
Component Labeling Engine Start ...
.........
.........
.........
System is waiting for your finish signal ... 
In This Simulation, Your CLE Result is shown as below....
-----------------------------------------------------

00_00_00_00_00_00_00_00_00_00_00_00_00_00_00_00_00_00_00_00_00_00_00_00_00_00_00_00_00_00_00_00_
00_00_00_00_00_00_00_00_00_00_00_00_00_00_00_00_00_00_00_00_00_00_00_00_00_00_00_00_00_00_00_00_
00_00_00_01_01_00_00_00_00_00_00_00_00_00_00_00_00_00_00_00_00_00_00_00_00_00_00_00_00_00_00_00_
00_00_00_01_01_01_00_00_00_00_00_02_02_00_00_00_00_00_00_00_00_00_00_00_00_00_00_00_00_00_00_00_
00_00_01_01_01_01_01_00_00_00_00_02_02_00_00_00_00_00_00_00_00_00_00_00_00_00_00_00_00_00_00_00_
00_00_01_01_01_01_01_00_00_00_02_02_02_02_00_00_00_00_00_00_00_00_00_00_00_00_00_00_00_00_00_00_
00_00_00_00_01_01_00_00_00_00_02_00_02_02_02_00_00_00_00_00_00_00_00_00_00_00_00_00_00_00_00_00_
00_00_00_00_00_00_00_00_00_00_00_00_00_02_02_02_02_00_00_00_00_00_00_00_00_00_00_00_00_00_00_00_
00_00_00_00_00_00_00_00_00_00_00_00_02_02_00_02_02_02_00_00_00_00_00_00_00_00_00_00_00_00_00_00_
00_00_00_00_00_00_00_00_00_00_00_00_00_00_00_02_02_00_00_00_00_00_00_00_00_00_00_00_00_00_00_00_
00_00_00_00_00_00_00_00_00_00_00_00_00_00_00_00_00_00_00_00_00_00_00_05_05_05_05_00_00_00_00_00_
00_00_00_00_00_07_00_00_00_00_00_00_00_00_00_00_00_00_00_00_00_05_05_05_00_00_05_05_05_00_00_00_
00_00_00_00_07_07_07_00_00_00_00_00_00_00_00_00_00_00_00_00_00_05_00_00_00_00_00_00_05_00_00_00_
00_00_00_00_00_07_07_07_00_00_00_00_00_00_00_00_00_00_00_00_05_05_00_00_00_00_00_00_05_05_00_00_
00_00_00_00_00_07_07_07_07_00_00_07_00_00_00_00_00_00_00_00_05_00_00_00_00_00_00_00_00_05_00_00_
00_00_07_00_07_07_07_07_07_07_07_07_07_00_00_00_00_00_00_00_05_00_00_00_00_00_00_00_00_05_00_00_
00_07_07_07_07_00_00_07_07_07_00_00_07_00_00_00_00_00_00_00_05_05_00_00_00_00_00_00_05_05_00_00_
00_07_07_07_07_00_00_00_07_00_00_00_00_00_00_00_00_00_00_00_00_05_00_00_00_00_00_05_05_00_00_00_
00_00_07_07_00_00_00_00_00_00_00_00_00_00_00_00_00_00_00_00_00_00_05_05_00_00_00_05_00_00_00_00_
00_00_00_00_00_00_00_00_00_00_00_00_00_00_00_00_00_00_00_00_00_00_00_00_05_05_05_00_00_00_00_00_
00_00_00_00_00_00_00_0b_0b_00_00_00_00_00_00_00_00_00_0b_00_00_00_00_00_00_00_00_00_00_00_00_00_
00_00_00_00_00_00_00_00_0b_00_00_00_00_00_00_00_00_0b_0b_0b_0b_00_00_00_00_00_00_00_00_00_00_00_
00_00_00_00_00_00_00_00_0b_0b_00_00_00_00_00_00_0b_0b_00_00_00_0b_00_00_00_00_00_00_00_00_00_00_
00_00_00_00_00_00_00_00_00_0b_00_00_00_00_00_00_0b_00_00_00_00_0b_00_00_00_00_00_00_00_00_00_00_
00_00_00_00_00_00_00_00_00_0b_00_00_00_00_00_00_0b_00_00_00_00_0b_00_00_00_00_00_00_00_00_00_00_
00_00_00_00_00_00_00_00_00_00_0b_00_00_00_00_00_0b_00_00_00_0b_0b_00_00_00_00_00_00_00_00_00_00_
00_00_00_00_00_00_00_00_00_00_0b_00_00_00_0b_0b_0b_00_00_0b_0b_00_00_00_00_00_00_00_00_00_00_00_
00_00_00_00_00_00_00_00_00_00_0b_00_00_00_0b_00_00_00_00_0b_00_00_00_00_00_00_00_00_00_00_00_00_
00_00_00_00_00_00_00_00_00_00_00_0b_00_0b_00_00_00_0b_0b_0b_00_00_00_00_00_00_00_00_00_00_00_00_
00_00_00_00_00_00_00_00_00_00_00_00_0b_00_00_00_00_0b_00_00_0b_00_00_00_00_00_00_00_00_00_00_00_
00_00_00_00_00_00_00_00_00_00_00_00_00_00_00_00_0b_0b_00_00_00_00_00_00_00_00_00_00_00_00_00_00_
00_00_00_00_00_00_00_00_00_00_00_00_00_00_00_00_00_00_00_00_00_00_00_00_00_00_00_00_00_00_00_00_
Your CLE Result v.s. Expect Result is shown as below....
-----------------------------------------------------

00_00_00_00_00_00_00_00_00_00_00_00_00_00_00_00_00_00_00_00_00_00_00_00_00_00_00_00_00_00_00_00_
00_00_00_00_00_00_00_00_00_00_00_00_00_00_00_00_00_00_00_00_00_00_00_00_00_00_00_00_00_00_00_00_
00_00_00_01_01_00_00_00_00_00_00_00_00_00_00_00_00_00_00_00_00_00_00_00_00_00_00_00_00_00_00_00_
00_00_00_01_01_01_00_00_00_00_00_02_02_00_00_00_00_00_00_00_00_00_00_00_00_00_00_00_00_00_00_00_
00_00_01_01_01_01_01_00_00_00_00_02_02_00_00_00_00_00_00_00_00_00_00_00_00_00_00_00_00_00_00_00_
00_00_01_01_01_01_01_00_00_00_02_02_02_02_00_00_00_00_00_00_00_00_00_00_00_00_00_00_00_00_00_00_
00_00_00_00_01_01_00_00_00_00_02_00_02_02_02_00_00_00_00_00_00_00_00_00_00_00_00_00_00_00_00_00_
00_00_00_00_00_00_00_00_00_00_00_00_00_02_02_02_02_00_00_00_00_00_00_00_00_00_00_00_00_00_00_00_
00_00_00_00_00_00_00_00_00_00_00_00_02_02_00_02_02_02_00_00_00_00_00_00_00_00_00_00_00_00_00_00_
00_00_00_00_00_00_00_00_00_00_00_00_00_00_00_02_02_00_00_00_00_00_00_00_00_00_00_00_00_00_00_00_
00_00_00_00_00_00_00_00_00_00_00_00_00_00_00_00_00_00_00_00_00_00_00_05_05_05_05_00_00_00_00_00_
00_00_00_00_00_07_00_00_00_00_00_00_00_00_00_00_00_00_00_00_00_05_05_05_00_00_05_05_05_00_00_00_
00_00_00_00_07_07_07_00_00_00_00_00_00_00_00_00_00_00_00_00_00_05_00_00_00_00_00_00_05_00_00_00_
00_00_00_00_00_07_07_07_00_00_00_00_00_00_00_00_00_00_00_00_05_05_00_00_00_00_00_00_05_05_00_00_
00_00_00_00_00_07_07_07_07_00_00_07_00_00_00_00_00_00_00_00_05_00_00_00_00_00_00_00_00_05_00_00_
00_00_07_00_07_07_07_07_07_07_07_07_07_00_00_00_00_00_00_00_05_00_00_00_00_00_00_00_00_05_00_00_
00_07_07_07_07_00_00_07_07_07_00_00_07_00_00_00_00_00_00_00_05_05_00_00_00_00_00_00_05_05_00_00_
00_07_07_07_07_00_00_00_07_00_00_00_00_00_00_00_00_00_00_00_00_05_00_00_00_00_00_05_05_00_00_00_
00_00_07_07_00_00_00_00_00_00_00_00_00_00_00_00_00_00_00_00_00_00_05_05_00_00_00_05_00_00_00_00_
00_00_00_00_00_00_00_00_00_00_00_00_00_00_00_00_00_00_00_00_00_00_00_00_05_05_05_00_00_00_00_00_
00_00_00_00_00_00_00_0b_0b_00_00_00_00_00_00_00_00_00_0b_00_00_00_00_00_00_00_00_00_00_00_00_00_
00_00_00_00_00_00_00_00_0b_00_00_00_00_00_00_00_00_0b_0b_0b_0b_00_00_00_00_00_00_00_00_00_00_00_
00_00_00_00_00_00_00_00_0b_0b_00_00_00_00_00_00_0b_0b_00_00_00_0b_00_00_00_00_00_00_00_00_00_00_
00_00_00_00_00_00_00_00_00_0b_00_00_00_00_00_00_0b_00_00_00_00_0b_00_00_00_00_00_00_00_00_00_00_
00_00_00_00_00_00_00_00_00_0b_00_00_00_00_00_00_0b_00_00_00_00_0b_00_00_00_00_00_00_00_00_00_00_
00_00_00_00_00_00_00_00_00_00_0b_00_00_00_00_00_0b_00_00_00_0b_0b_00_00_00_00_00_00_00_00_00_00_
00_00_00_00_00_00_00_00_00_00_0b_00_00_00_0b_0b_0b_00_00_0b_0b_00_00_00_00_00_00_00_00_00_00_00_
00_00_00_00_00_00_00_00_00_00_0b_00_00_00_0b_00_00_00_00_0b_00_00_00_00_00_00_00_00_00_00_00_00_
00_00_00_00_00_00_00_00_00_00_00_0b_00_0b_00_00_00_0b_0b_0b_00_00_00_00_00_00_00_00_00_00_00_00_
00_00_00_00_00_00_00_00_00_00_00_00_0b_00_00_00_00_0b_00_00_0b_00_00_00_00_00_00_00_00_00_00_00_
00_00_00_00_00_00_00_00_00_00_00_00_00_00_00_00_0b_0b_00_00_00_00_00_00_00_00_00_00_00_00_00_00_
00_00_00_00_00_00_00_00_00_00_00_00_00_00_00_00_00_00_00_00_00_00_00_00_00_00_00_00_00_00_00_00_
-----------------------------------------------------

                 Simulation Summary                  

-----------------------------------------------------

Congratulations! All data have been generated successfully!

-------------------------PASS------------------------

err=   0
Simulation complete via $finish(1) at time 298920 NS + 0
./testfixture_a.v:204       #(`CYCLE/2); $finish;
ncsim> exit
TOOL:	ncverilog	15.20-s039: Exiting on Mar 05, 2025 at 22:31:05 CST  (total: 00:00:41)
