ncsim 15.20-s039
Linux 3.10.0-1062.el7.x86_64 #1 SMP Wed Aug 7 18:08:02 UTC 2019 x86_64
CPU cores: 32
Limit information:
======================================
cputime			unlimited
filesize		unlimited
datasize		unlimited
stacksize		8192 kbytes
coredumpsize	0 kbytes
memoryuse		unlimited
vmemoryuse		unlimited
descriptors		4096
memorylocked	64 kbytes
maxproc			4096
======================================
(Special)Runtime environment variables:

Runtime environment variables:
USER=UIS113a01
LOGNAME=UIS113a01
HOME=/home/UIS113/UIS113a01
PATH=/usr/cad/synopsys/verdi/cur/bin:/usr/cad/synopsys/verdi/cur/nLint/bin:/usr/bin/X11:/usr/cad/synopsys/coreConsultant/cur/bin:/usr/cad/synopsys/synthesis/cur/amd64/syn/bin:/usr/cad/synopsys/lc/cur/bin:/usr/cad/cadence/INCISIV/cur/tools/bin:/usr/cad/cadence/INCISIV/cur/tools/vtools/vfault/bin:/usr/cad/cadence/INCISIV/cur/tools/dfII/bin:/mnt2/lib:/usr/bin:/usr/bin/X11/:/bin:/sbin:/usr/sbin:/etc:/usr/mentor/modelsim/cur/linux_x86_64:/usr/cad/sde/bin
MAIL=/var/spool/mail/UIS113a01
SHELL=/bin/tcsh
SSH_CLIENT=140.117.25.132 64375 22
SSH_CONNECTION=140.117.25.132 64375 140.117.166.167 22
SSH_TTY=/dev/pts/4
TERM=vt100
DISPLAY=140.117.25.132:0
SELINUX_ROLE_REQUESTED=
SELINUX_LEVEL_REQUESTED=
SELINUX_USE_CURRENT_RANGE=
XDG_SESSION_ID=12841
XDG_RUNTIME_DIR=/run/user/1357
HOSTTYPE=x86_64-linux
VENDOR=unknown
OSTYPE=linux
MACHTYPE=x86_64
SHLVL=1
PWD=/home/UIS113/UIS113a01/icc2016cb
GROUP=UIS113a01
HOST=soc07
REMOTEHOST=140.117.25.132
HOSTNAME=soc07
LS_COLORS=no=00:fi=00:di=01;34:ln=01;35:pi=40;33:so=01;35:bd=40;33;01:cd=40;33;01:or=40;31;01:ex=01;32:*.tar=01;31:*.tgz=01;31:*.arj=01;31:*.taz=01;31:*.lzh=01;31:*.zip=01;31:*.z=01;31:*.Z=01;31:*.gz=01;31:*.bz2=01;31:*.deb=01;31:*.rpm=01;31:*.jar=01;31:*.jpg=01;35:*.jpeg=01;35:*.gif=01;35:*.bmp=01;35:*.pbm=01;35:*.pgm=01;35:*.ppm=01;35:*.tga=01;35:*.xbm=01;35:*.xpm=01;35:*.tif=01;35:*.tiff=01;35:*.png=01;35:*.mpg=01;35:*.mpeg=01;35:*.avi=01;35:*.fli=01;35:*.gl=01;35:*.dl=01;35:*.xcf=01;35:*.xwd=01;35:*.ogg=01;35:*.mp3=01;35:*.wav=01;35:*.c=93:*.cpp=93:*.v=95:*.vcd=96:*.sh=33:*.pl=33:*.tcl=33
LANG=en_US.UTF-8
LESSOPEN=||/usr/bin/lesspipe.sh %s
QT_GRAPHICSSYSTEM_CHECKED=1
QTDIR=/usr/lib64/qt-3.3
QTINC=/usr/lib64/qt-3.3/include
QTLIB=/usr/lib64/qt-3.3/lib
EDITOR=gedit
LD_LIBRARY_PATH=/usr/cad/synopsys/verdi/cur/share/PLI/IUS/LINUX/:/usr/cad/cadence/INCISIV/cur/tools/lib:/usr/cad/cadence/INCISIV/cur/tools/vtools/vfault/lib::/mnt3/lib:/usr/lib/X11:/usr/lib:/lib32:/lib64:/usr/synopsys/cosmos_scope/cur/CosmosScope/bin:/usr/java/jre/lib/amd64:/usr/java/jre/lib/amd64/xawt/:/usr/java/jre/lib/amd64/server/:/usr/cad/spring_soft/verdi/2012.04/share/PLI/IUS/LINUX64/:/usr/cad/spring_soft/verdi/2012.04/share/PLI/IUS/LINUX/:/lib
LM_LICENSE_FILE=26585@lstn:5280@lshc:5280@lstn:
SYNTHESIS=/usr/cad/synopsys/synthesis/cur
SYN_MAN_DIR=/usr/cad/synopsys/synthesis/cur/doc/syn/man
MANPATH=/usr/cad/synopsys/synthesis/cur/doc/syn/man
SHLIB_PATH=/usr/cad/synopsys/verdi/cur/share/PLI/IUS/LINUX
SIGASI_LM_LICENSE_FILE=27001@140.117.157.130
_IRUNROOT_=/usr/cad/cadence/INCISIV/cur/tools
CDS_ARCH=lnx86
NCRUNMODE=ncverilog:./INCA_libs/irun.lnx86.15.20.nc
IRUNBATCH=FALSE
IMPERAS_PORT_FILE=.vsp_ovp_gdb_port
TCL_LIBRARY=/usr/cad/cadence/INCISIV/cur/tools/inca/files/tcl/library
Runtime command line arguments:
argv[0]=ncverilog
argv[1]=+ncmaxdelays
argv[2]=testfixture_c.v
argv[3]=CLE_syn.v
argv[4]=tsmc13_neg.v
argv[5]=+define+SDF
argv[6]=+access+rw
74 profile - 100
          CPU/Mem usage: 0.060 sys,  0.070 user,  71.22M sys,  0.00M vm
75 VC callback profile - scalar:0 vector:0
76 Tue Aug 27 00:26:39 2024
77 pliAppInit
78 FSDB_GATE is disabled.
79 Enable Parallel Dumping.
80 pliAppMiscSet: New Sim Round
81 pliEntryInit
82 LIBSSCORE=found /usr/cad/synopsys/verdi/cur/share/PLI/IUS/LINUX/libsscore_ius152.so through $LD_LIBRARY_PATH setting.
83 argv[0]: CLE.fsdb
84 FSDB Dumper for IUS, Release Verdi_Q-2020.03, Linux, 02/09/2020
85 (C) 1996 - 2020 by Synopsys, Inc.
86 sps_call_fsdbDumpfile at 0 : /home/UIS113/UIS113a01/icc2016cb/testfixture_c.v(90)
87 argv[0]: CLE.fsdb
88 *Verdi* FSDB WARNING: The FSDB file already exists. Overwriting the FSDB file may crash the programs that are using this file.
89 *Verdi* : Create FSDB file 'CLE.fsdb'
90 sps_call_fsdbDumpvars at 0 : /home/UIS113/UIS113a01/icc2016cb/testfixture_c.v(91)
91 *Verdi* : Begin traversing the scopes, layer (0).
92 Cell instance `test.u_rom'.
93 *Verdi* : End of traversing.
94 fsdbDumpvars traverse var: profile - 
          CPU/Mem usage: 0.070 sys,  0.200 user,  156.20M sys,  0.00M vm
                   incr: 0.000 sys,  0.120 user,  6.14M sys,  0.00M vm
                   accu: 0.000 sys,  0.120 user,  6.14M sys,  0.00M vm
              accu incr: 0.000 sys,  0.120 user,  6.14M sys,  0.00M vm

          Count usage: 9050 var,  6526 idcode,  6526 callback
                 incr: 9050 var,  6526 idcode,  6526 callback
                 accu: 9050 var,  6526 idcode,  6526 callback
            accu incr: 9050 var,  6526 idcode,  6526 callback
95 VC callback profile - scalar:0 vector:0
96 Tue Aug 27 00:26:39 2024
97 fsdbDumpvars: profile - 
          CPU/Mem usage: 0.070 sys,  0.210 user,  157.25M sys,  0.00M vm
                   incr: 0.000 sys,  0.010 user,  1.05M sys,  0.00M vm
                   accu: 0.000 sys,  0.130 user,  7.19M sys,  0.00M vm
              accu incr: 0.000 sys,  0.010 user,  1.05M sys,  0.00M vm

          Count usage: 9050 var,  6526 idcode,  6526 callback
                 incr: 0 var,  0 idcode,  0 callback
                 accu: 9050 var,  6526 idcode,  6526 callback
            accu incr: 0 var,  0 idcode,  0 callback
98 VC callback profile - scalar:6501 vector:25
99 Tue Aug 27 00:26:39 2024
100 sps_call_fsdbDumpMDA at 0 : /home/UIS113/UIS113a01/icc2016cb/testfixture_c.v(92)
101 *Verdi* : Begin traversing the MDAs, layer (0).
102 *Verdi* : Enable +mda and +packedmda dumping.
103 Cell instance `test.u_rom'.
104 *Verdi* : End of traversing the MDAs.
105 fsdbDumpMDA traverse var: profile - 
          CPU/Mem usage: 0.070 sys,  0.260 user,  157.49M sys,  0.00M vm
                   incr: 0.000 sys,  0.050 user,  0.24M sys,  0.00M vm
                   accu: 0.000 sys,  0.050 user,  0.24M sys,  0.00M vm
              accu incr: 0.000 sys,  0.050 user,  0.24M sys,  0.00M vm

          Count usage: 12255 var,  9731 idcode,  9734 callback
                 incr: 3205 var,  3205 idcode,  3208 callback
                 accu: 3205 var,  3205 idcode,  3208 callback
            accu incr: 3205 var,  3205 idcode,  3208 callback
106 VC callback profile - scalar:6501 vector:25
107 Tue Aug 27 00:26:39 2024
108 fsdbDumpMDA: profile - 
          CPU/Mem usage: 0.070 sys,  0.260 user,  157.63M sys,  0.00M vm
                   incr: 0.000 sys,  0.000 user,  0.14M sys,  0.00M vm
                   accu: 0.000 sys,  0.050 user,  0.38M sys,  0.00M vm
              accu incr: 0.000 sys,  0.000 user,  0.14M sys,  0.00M vm

          Count usage: 12255 var,  9731 idcode,  9734 callback
                 incr: 0 var,  0 idcode,  0 callback
                 accu: 3205 var,  3205 idcode,  3208 callback
            accu incr: 0 var,  0 idcode,  0 callback
109 VC callback profile - scalar:6501 vector:3230
110 Tue Aug 27 00:26:39 2024
111 End of simulation at 241177061
112 VC callback profile - scalar:13474879 vector:68639
113 Tue Aug 27 00:26:43 2024
114 Begin FSDB profile info:
115 FSDB Writer : bc1(13474879) bcn(68639) mtf/stf(0/0)
FSDB Writer elapsed time : flush(0.537955) io wait(0.000000) theadpool wait(0.000000)
FSDB Writer cpu time : MT Compression : 0
116 End FSDB profile info
117 Parallel profile    -  Flush:4 Expand:0 ProduceWait:0 ConsumerWait:0 BlockUsed:57
118                        ProduceTime:3.787316919 ConsumerTime:3.216824538 Buffer:64MB
119 SimExit
120 Sim process exit
